{
  "RSpec": {
    "coverage": {
      "/Users/desantisg/Desktop/Projects/search-for-member/app/helpers/application_helper.rb": [
        1,
        null
      ],
      "/Users/desantisg/Desktop/Projects/search-for-member/app/helpers/members_helper.rb": [
        1,
        null
      ],
      "/Users/desantisg/Desktop/Projects/search-for-member/app/controllers/members_controller.rb": [
        1,
        null,
        1,
        1,
        18,
        8,
        8,
        37,
        8,
        null,
        10,
        1,
        null,
        null,
        null,
        1,
        8,
        8,
        8,
        8,
        8,
        8,
        null,
        null,
        1,
        4,
        4,
        20,
        4,
        4,
        null,
        null,
        1,
        null,
        1,
        12,
        12,
        null,
        null,
        1,
        8,
        null,
        null,
        1,
        12,
        12,
        14,
        null,
        null,
        null
      ],
      "/Users/desantisg/Desktop/Projects/search-for-member/lib/api_calls/members_list_api_call.rb": [
        1,
        1,
        null,
        1,
        1,
        8,
        8,
        8,
        8,
        null,
        null,
        1,
        null,
        1,
        8,
        8,
        null,
        null,
        1,
        8,
        null,
        null,
        1,
        8,
        8,
        null,
        null,
        1,
        8,
        null,
        null
      ],
      "/Users/desantisg/Desktop/Projects/search-for-member/app/controllers/application_controller.rb": [
        1,
        null,
        null,
        1,
        null
      ],
      "/Users/desantisg/Desktop/Projects/search-for-member/app/models/member.rb": [
        1,
        null,
        1,
        null,
        1,
        39,
        39,
        39,
        39,
        39,
        39,
        null,
        null,
        1,
        null,
        1,
        39,
        null,
        null,
        null
      ]
    },
    "timestamp": 1463744653
  }
}
